2024-05-08 21:20:40,742 DEBUG    root            Loaded Command Group: ['gcloud', 'components']
2024-05-08 21:20:40,746 DEBUG    root            Loaded Command Group: ['gcloud', 'components', 'update']
2024-05-08 21:20:40,749 DEBUG    root            Running [gcloud.components.update] with arguments: [--allow-no-backup: "True", --compile-python: "True", --quiet: "True", COMPONENT-IDS:6: "['core', 'gcloud-deps', 'bq', 'gcloud', 'gcloud-crc32c', 'gsutil']"]
2024-05-08 21:20:40,750 INFO     ___FILE_ONLY___ Beginning update. This process may take several minutes.

2024-05-08 21:20:40,775 DEBUG    urllib3.connectionpool Starting new HTTPS connection (1): dl.google.com:443
2024-05-08 21:20:40,848 DEBUG    urllib3.connectionpool https://dl.google.com:443 "GET /dl/cloudsdk/channels/rapid/components-2.json HTTP/1.1" 200 222652
2024-05-08 21:20:40,870 INFO     ___FILE_ONLY___ 

2024-05-08 21:20:40,870 INFO     ___FILE_ONLY___ 
Your current Google Cloud CLI version is: 475.0.0

2024-05-08 21:20:40,871 INFO     ___FILE_ONLY___ Installing components from version: 475.0.0

2024-05-08 21:20:40,871 INFO     ___FILE_ONLY___ 

2024-05-08 21:20:40,871 DEBUG    root            Chosen display Format:table[box,title="These components will be removed."](details.display_name:label=Name:align=left,version.version_string:label=Version:align=right,data.size.size(zero="",min=1048576):label=Size:align=right)
2024-05-08 21:20:40,872 DEBUG    root            Chosen display Format:table[box,title="These components will be updated."](details.display_name:label=Name:align=left,version.version_string:label=Version:align=right,data.size.size(zero="",min=1048576):label=Size:align=right)
2024-05-08 21:20:40,873 DEBUG    root            Chosen display Format:table[box,title="These components will be installed."](details.display_name:label=Name:align=left,version.version_string:label=Version:align=right,data.size.size(zero="",min=1048576):label=Size:align=right)
2024-05-08 21:20:41,009 INFO     ___FILE_ONLY___ ┌─────────────────────────────────────────────────────────────────────────────┐
2024-05-08 21:20:41,009 INFO     ___FILE_ONLY___ 

2024-05-08 21:20:41,009 INFO     ___FILE_ONLY___ │                     These components will be installed.                     │
2024-05-08 21:20:41,010 INFO     ___FILE_ONLY___ 

2024-05-08 21:20:41,010 INFO     ___FILE_ONLY___ ├─────────────────────────────────────────────────────┬────────────┬──────────┤
2024-05-08 21:20:41,010 INFO     ___FILE_ONLY___ 

2024-05-08 21:20:41,010 INFO     ___FILE_ONLY___ │                         Name                        │  Version   │   Size   │
2024-05-08 21:20:41,010 INFO     ___FILE_ONLY___ 

2024-05-08 21:20:41,010 INFO     ___FILE_ONLY___ ├─────────────────────────────────────────────────────┼────────────┼──────────┤
2024-05-08 21:20:41,010 INFO     ___FILE_ONLY___ 

2024-05-08 21:20:41,010 INFO     ___FILE_ONLY___ │ 
2024-05-08 21:20:41,010 INFO     ___FILE_ONLY___ BigQuery Command Line Tool                         
2024-05-08 21:20:41,010 INFO     ___FILE_ONLY___  
2024-05-08 21:20:41,010 INFO     ___FILE_ONLY___ │ 
2024-05-08 21:20:41,010 INFO     ___FILE_ONLY___      2.1.4
2024-05-08 21:20:41,011 INFO     ___FILE_ONLY___  
2024-05-08 21:20:41,011 INFO     ___FILE_ONLY___ │ 
2024-05-08 21:20:41,011 INFO     ___FILE_ONLY___  1.7 MiB
2024-05-08 21:20:41,011 INFO     ___FILE_ONLY___  
2024-05-08 21:20:41,011 INFO     ___FILE_ONLY___ │
2024-05-08 21:20:41,011 INFO     ___FILE_ONLY___ 

2024-05-08 21:20:41,011 INFO     ___FILE_ONLY___ │ 
2024-05-08 21:20:41,011 INFO     ___FILE_ONLY___ BigQuery Command Line Tool (Platform Specific)     
2024-05-08 21:20:41,011 INFO     ___FILE_ONLY___  
2024-05-08 21:20:41,011 INFO     ___FILE_ONLY___ │ 
2024-05-08 21:20:41,011 INFO     ___FILE_ONLY___    2.0.101
2024-05-08 21:20:41,011 INFO     ___FILE_ONLY___  
2024-05-08 21:20:41,011 INFO     ___FILE_ONLY___ │ 
2024-05-08 21:20:41,011 INFO     ___FILE_ONLY___  < 1 MiB
2024-05-08 21:20:41,012 INFO     ___FILE_ONLY___  
2024-05-08 21:20:41,012 INFO     ___FILE_ONLY___ │
2024-05-08 21:20:41,012 INFO     ___FILE_ONLY___ 

2024-05-08 21:20:41,012 INFO     ___FILE_ONLY___ │ 
2024-05-08 21:20:41,012 INFO     ___FILE_ONLY___ Bundled Python 3.11                                
2024-05-08 21:20:41,012 INFO     ___FILE_ONLY___  
2024-05-08 21:20:41,012 INFO     ___FILE_ONLY___ │ 
2024-05-08 21:20:41,012 INFO     ___FILE_ONLY___     3.11.8
2024-05-08 21:20:41,012 INFO     ___FILE_ONLY___  
2024-05-08 21:20:41,012 INFO     ___FILE_ONLY___ │ 
2024-05-08 21:20:41,012 INFO     ___FILE_ONLY___ 74.9 MiB
2024-05-08 21:20:41,012 INFO     ___FILE_ONLY___  
2024-05-08 21:20:41,012 INFO     ___FILE_ONLY___ │
2024-05-08 21:20:41,012 INFO     ___FILE_ONLY___ 

2024-05-08 21:20:41,013 INFO     ___FILE_ONLY___ │ 
2024-05-08 21:20:41,013 INFO     ___FILE_ONLY___ Cloud Storage Command Line Tool                    
2024-05-08 21:20:41,013 INFO     ___FILE_ONLY___  
2024-05-08 21:20:41,013 INFO     ___FILE_ONLY___ │ 
2024-05-08 21:20:41,013 INFO     ___FILE_ONLY___       5.27
2024-05-08 21:20:41,013 INFO     ___FILE_ONLY___  
2024-05-08 21:20:41,013 INFO     ___FILE_ONLY___ │ 
2024-05-08 21:20:41,013 INFO     ___FILE_ONLY___ 11.3 MiB
2024-05-08 21:20:41,013 INFO     ___FILE_ONLY___  
2024-05-08 21:20:41,013 INFO     ___FILE_ONLY___ │
2024-05-08 21:20:41,013 INFO     ___FILE_ONLY___ 

2024-05-08 21:20:41,013 INFO     ___FILE_ONLY___ │ 
2024-05-08 21:20:41,013 INFO     ___FILE_ONLY___ Cloud Storage Command Line Tool (Platform Specific)
2024-05-08 21:20:41,013 INFO     ___FILE_ONLY___  
2024-05-08 21:20:41,014 INFO     ___FILE_ONLY___ │ 
2024-05-08 21:20:41,014 INFO     ___FILE_ONLY___       5.27
2024-05-08 21:20:41,014 INFO     ___FILE_ONLY___  
2024-05-08 21:20:41,014 INFO     ___FILE_ONLY___ │ 
2024-05-08 21:20:41,014 INFO     ___FILE_ONLY___  < 1 MiB
2024-05-08 21:20:41,014 INFO     ___FILE_ONLY___  
2024-05-08 21:20:41,014 INFO     ___FILE_ONLY___ │
2024-05-08 21:20:41,014 INFO     ___FILE_ONLY___ 

2024-05-08 21:20:41,014 INFO     ___FILE_ONLY___ │ 
2024-05-08 21:20:41,014 INFO     ___FILE_ONLY___ Google Cloud CLI Core Libraries (Platform Specific)
2024-05-08 21:20:41,014 INFO     ___FILE_ONLY___  
2024-05-08 21:20:41,014 INFO     ___FILE_ONLY___ │ 
2024-05-08 21:20:41,014 INFO     ___FILE_ONLY___ 2024.01.06
2024-05-08 21:20:41,015 INFO     ___FILE_ONLY___  
2024-05-08 21:20:41,015 INFO     ___FILE_ONLY___ │ 
2024-05-08 21:20:41,015 INFO     ___FILE_ONLY___  < 1 MiB
2024-05-08 21:20:41,015 INFO     ___FILE_ONLY___  
2024-05-08 21:20:41,015 INFO     ___FILE_ONLY___ │
2024-05-08 21:20:41,015 INFO     ___FILE_ONLY___ 

2024-05-08 21:20:41,015 INFO     ___FILE_ONLY___ │ 
2024-05-08 21:20:41,015 INFO     ___FILE_ONLY___ Google Cloud CRC32C Hash Tool                      
2024-05-08 21:20:41,015 INFO     ___FILE_ONLY___  
2024-05-08 21:20:41,015 INFO     ___FILE_ONLY___ │ 
2024-05-08 21:20:41,015 INFO     ___FILE_ONLY___      1.0.0
2024-05-08 21:20:41,015 INFO     ___FILE_ONLY___  
2024-05-08 21:20:41,015 INFO     ___FILE_ONLY___ │ 
2024-05-08 21:20:41,015 INFO     ___FILE_ONLY___  1.2 MiB
2024-05-08 21:20:41,016 INFO     ___FILE_ONLY___  
2024-05-08 21:20:41,016 INFO     ___FILE_ONLY___ │
2024-05-08 21:20:41,016 INFO     ___FILE_ONLY___ 

2024-05-08 21:20:41,016 INFO     ___FILE_ONLY___ │ 
2024-05-08 21:20:41,016 INFO     ___FILE_ONLY___ gcloud cli dependencies                            
2024-05-08 21:20:41,016 INFO     ___FILE_ONLY___  
2024-05-08 21:20:41,016 INFO     ___FILE_ONLY___ │ 
2024-05-08 21:20:41,016 INFO     ___FILE_ONLY___ 2021.04.16
2024-05-08 21:20:41,016 INFO     ___FILE_ONLY___  
2024-05-08 21:20:41,016 INFO     ___FILE_ONLY___ │ 
2024-05-08 21:20:41,016 INFO     ___FILE_ONLY___  < 1 MiB
2024-05-08 21:20:41,016 INFO     ___FILE_ONLY___  
2024-05-08 21:20:41,016 INFO     ___FILE_ONLY___ │
2024-05-08 21:20:41,016 INFO     ___FILE_ONLY___ 

2024-05-08 21:20:41,017 INFO     ___FILE_ONLY___ └─────────────────────────────────────────────────────┴────────────┴──────────┘
2024-05-08 21:20:41,017 INFO     ___FILE_ONLY___ 

2024-05-08 21:20:41,017 INFO     ___FILE_ONLY___ 

2024-05-08 21:20:41,021 DEBUG    urllib3.connectionpool Starting new HTTPS connection (1): dl.google.com:443
2024-05-08 21:20:41,100 DEBUG    urllib3.connectionpool https://dl.google.com:443 "GET /dl/cloudsdk/channels/rapid/RELEASE_NOTES HTTP/1.1" 200 1203742
2024-05-08 21:20:41,225 INFO     ___FILE_ONLY___ For the latest full release notes, please visit:
  https://cloud.google.com/sdk/release_notes


2024-05-08 21:20:41,227 INFO     ___FILE_ONLY___ ╔════════════════════════════════════════════════════════════╗

2024-05-08 21:20:41,227 INFO     ___FILE_ONLY___ ╠═ Creating update staging area                             ═╣

2024-05-08 21:20:41,227 INFO     ___FILE_ONLY___ ╚
2024-05-08 21:20:41,228 INFO     ___FILE_ONLY___ ══════
2024-05-08 21:20:41,228 INFO     ___FILE_ONLY___ ══════
2024-05-08 21:20:41,228 INFO     ___FILE_ONLY___ ══════
2024-05-08 21:20:41,499 INFO     ___FILE_ONLY___ ═
2024-05-08 21:20:41,553 INFO     ___FILE_ONLY___ ═
2024-05-08 21:20:41,595 INFO     ___FILE_ONLY___ ═
2024-05-08 21:20:41,630 INFO     ___FILE_ONLY___ ═
2024-05-08 21:20:41,669 INFO     ___FILE_ONLY___ ═
2024-05-08 21:20:41,707 INFO     ___FILE_ONLY___ ═
2024-05-08 21:20:41,748 INFO     ___FILE_ONLY___ ═
2024-05-08 21:20:41,787 INFO     ___FILE_ONLY___ ═
2024-05-08 21:20:41,830 INFO     ___FILE_ONLY___ ═
2024-05-08 21:20:41,977 INFO     ___FILE_ONLY___ ═
2024-05-08 21:20:42,064 INFO     ___FILE_ONLY___ ═
2024-05-08 21:20:42,210 INFO     ___FILE_ONLY___ ═
2024-05-08 21:20:42,375 INFO     ___FILE_ONLY___ ═
2024-05-08 21:20:42,436 INFO     ___FILE_ONLY___ ═
2024-05-08 21:20:42,511 INFO     ___FILE_ONLY___ ═
2024-05-08 21:20:42,583 INFO     ___FILE_ONLY___ ═
2024-05-08 21:20:42,644 INFO     ___FILE_ONLY___ ═
2024-05-08 21:20:42,706 INFO     ___FILE_ONLY___ ═
2024-05-08 21:20:42,766 INFO     ___FILE_ONLY___ ═
2024-05-08 21:20:42,831 INFO     ___FILE_ONLY___ ═
2024-05-08 21:20:42,902 INFO     ___FILE_ONLY___ ═
2024-05-08 21:20:43,009 INFO     ___FILE_ONLY___ ═
2024-05-08 21:20:43,088 INFO     ___FILE_ONLY___ ═
2024-05-08 21:20:43,175 INFO     ___FILE_ONLY___ ═
2024-05-08 21:20:43,247 INFO     ___FILE_ONLY___ ═
2024-05-08 21:20:43,329 INFO     ___FILE_ONLY___ ═
2024-05-08 21:20:43,390 INFO     ___FILE_ONLY___ ═
2024-05-08 21:20:43,458 INFO     ___FILE_ONLY___ ═
2024-05-08 21:20:43,521 INFO     ___FILE_ONLY___ ═
2024-05-08 21:20:43,587 INFO     ___FILE_ONLY___ ═
2024-05-08 21:20:43,642 INFO     ___FILE_ONLY___ ═
2024-05-08 21:20:43,700 INFO     ___FILE_ONLY___ ═
2024-05-08 21:20:43,755 INFO     ___FILE_ONLY___ ═
2024-05-08 21:20:43,814 INFO     ___FILE_ONLY___ ═
2024-05-08 21:20:43,888 INFO     ___FILE_ONLY___ ═
2024-05-08 21:20:43,940 INFO     ___FILE_ONLY___ ═
2024-05-08 21:20:44,006 INFO     ___FILE_ONLY___ ═
2024-05-08 21:20:44,084 INFO     ___FILE_ONLY___ ═
2024-05-08 21:20:44,169 INFO     ___FILE_ONLY___ ═
2024-05-08 21:20:44,224 INFO     ___FILE_ONLY___ ═
2024-05-08 21:20:44,297 INFO     ___FILE_ONLY___ ═
2024-05-08 21:20:44,364 INFO     ___FILE_ONLY___ ═
2024-05-08 21:20:44,365 INFO     ___FILE_ONLY___ ╝

2024-05-08 21:20:44,561 INFO     ___FILE_ONLY___ ╔════════════════════════════════════════════════════════════╗

2024-05-08 21:20:44,561 INFO     ___FILE_ONLY___ ╠═ Installing: BigQuery Command Line Tool                   ═╣

2024-05-08 21:20:44,561 INFO     ___FILE_ONLY___ ╚
2024-05-08 21:20:44,565 DEBUG    urllib3.connectionpool Starting new HTTPS connection (1): dl.google.com:443
2024-05-08 21:20:44,707 DEBUG    urllib3.connectionpool https://dl.google.com:443 "GET /dl/cloudsdk/channels/rapid/components/google-cloud-sdk-bq-20240412130805.tar.gz HTTP/1.1" 200 1746678
2024-05-08 21:20:44,776 INFO     ___FILE_ONLY___ ═
2024-05-08 21:20:44,777 INFO     ___FILE_ONLY___ ═
2024-05-08 21:20:44,777 INFO     ___FILE_ONLY___ ═
2024-05-08 21:20:44,777 INFO     ___FILE_ONLY___ ═
2024-05-08 21:20:44,777 INFO     ___FILE_ONLY___ ═
2024-05-08 21:20:44,777 INFO     ___FILE_ONLY___ ═
2024-05-08 21:20:44,778 INFO     ___FILE_ONLY___ ═
2024-05-08 21:20:44,778 INFO     ___FILE_ONLY___ ═
2024-05-08 21:20:44,778 INFO     ___FILE_ONLY___ ═
2024-05-08 21:20:44,778 INFO     ___FILE_ONLY___ ═
2024-05-08 21:20:44,778 INFO     ___FILE_ONLY___ ═
2024-05-08 21:20:44,778 INFO     ___FILE_ONLY___ ═
2024-05-08 21:20:44,779 INFO     ___FILE_ONLY___ ═
2024-05-08 21:20:44,779 INFO     ___FILE_ONLY___ ═
2024-05-08 21:20:44,779 INFO     ___FILE_ONLY___ ═
2024-05-08 21:20:44,779 INFO     ___FILE_ONLY___ ═
2024-05-08 21:20:44,779 INFO     ___FILE_ONLY___ ═
2024-05-08 21:20:44,779 INFO     ___FILE_ONLY___ ═
2024-05-08 21:20:44,779 INFO     ___FILE_ONLY___ ═
2024-05-08 21:20:44,780 INFO     ___FILE_ONLY___ ═
2024-05-08 21:20:44,780 INFO     ___FILE_ONLY___ ═
2024-05-08 21:20:44,780 INFO     ___FILE_ONLY___ ═
2024-05-08 21:20:44,780 INFO     ___FILE_ONLY___ ═
2024-05-08 21:20:44,780 INFO     ___FILE_ONLY___ ═
2024-05-08 21:20:44,780 INFO     ___FILE_ONLY___ ═
2024-05-08 21:20:44,781 INFO     ___FILE_ONLY___ ═
2024-05-08 21:20:44,781 INFO     ___FILE_ONLY___ ═
2024-05-08 21:20:44,781 INFO     ___FILE_ONLY___ ═
2024-05-08 21:20:44,781 INFO     ___FILE_ONLY___ ═
2024-05-08 21:20:44,781 INFO     ___FILE_ONLY___ ═
2024-05-08 21:20:44,921 INFO     ___FILE_ONLY___ ═
2024-05-08 21:20:44,927 INFO     ___FILE_ONLY___ ═
2024-05-08 21:20:44,932 INFO     ___FILE_ONLY___ ═
2024-05-08 21:20:44,937 INFO     ___FILE_ONLY___ ═
2024-05-08 21:20:44,942 INFO     ___FILE_ONLY___ ═
2024-05-08 21:20:44,946 INFO     ___FILE_ONLY___ ═
2024-05-08 21:20:44,951 INFO     ___FILE_ONLY___ ═
2024-05-08 21:20:44,955 INFO     ___FILE_ONLY___ ═
2024-05-08 21:20:44,961 INFO     ___FILE_ONLY___ ═
2024-05-08 21:20:44,966 INFO     ___FILE_ONLY___ ═
2024-05-08 21:20:44,970 INFO     ___FILE_ONLY___ ═
2024-05-08 21:20:44,974 INFO     ___FILE_ONLY___ ═
2024-05-08 21:20:44,978 INFO     ___FILE_ONLY___ ═
2024-05-08 21:20:44,985 INFO     ___FILE_ONLY___ ═
2024-05-08 21:20:44,989 INFO     ___FILE_ONLY___ ═
2024-05-08 21:20:44,993 INFO     ___FILE_ONLY___ ═
2024-05-08 21:20:44,999 INFO     ___FILE_ONLY___ ═
2024-05-08 21:20:45,003 INFO     ___FILE_ONLY___ ═
2024-05-08 21:20:45,044 INFO     ___FILE_ONLY___ ═
2024-05-08 21:20:45,049 INFO     ___FILE_ONLY___ ═
2024-05-08 21:20:45,055 INFO     ___FILE_ONLY___ ═
2024-05-08 21:20:45,061 INFO     ___FILE_ONLY___ ═
2024-05-08 21:20:45,065 INFO     ___FILE_ONLY___ ═
2024-05-08 21:20:45,069 INFO     ___FILE_ONLY___ ═
2024-05-08 21:20:45,074 INFO     ___FILE_ONLY___ ═
2024-05-08 21:20:45,080 INFO     ___FILE_ONLY___ ═
2024-05-08 21:20:45,086 INFO     ___FILE_ONLY___ ═
2024-05-08 21:20:45,089 INFO     ___FILE_ONLY___ ═
2024-05-08 21:20:45,094 INFO     ___FILE_ONLY___ ═
2024-05-08 21:20:45,099 INFO     ___FILE_ONLY___ ═
2024-05-08 21:20:45,099 INFO     ___FILE_ONLY___ ╝

2024-05-08 21:20:45,120 INFO     ___FILE_ONLY___ ╔════════════════════════════════════════════════════════════╗

2024-05-08 21:20:45,121 INFO     ___FILE_ONLY___ ╠═ Installing: BigQuery Command Line Tool (Platform Spec... ═╣

2024-05-08 21:20:45,121 INFO     ___FILE_ONLY___ ╚
2024-05-08 21:20:45,125 DEBUG    urllib3.connectionpool Starting new HTTPS connection (1): dl.google.com:443
2024-05-08 21:20:45,261 DEBUG    urllib3.connectionpool https://dl.google.com:443 "GET /dl/cloudsdk/channels/rapid/components/google-cloud-sdk-bq-nix-20240106004423.tar.gz HTTP/1.1" 200 2026
2024-05-08 21:20:45,262 INFO     ___FILE_ONLY___ ══════════════════════════════
2024-05-08 21:20:45,263 INFO     ___FILE_ONLY___ ══════════════════════════════
2024-05-08 21:20:45,263 INFO     ___FILE_ONLY___ ╝

2024-05-08 21:20:45,274 INFO     ___FILE_ONLY___ ╔════════════════════════════════════════════════════════════╗

2024-05-08 21:20:45,274 INFO     ___FILE_ONLY___ ╠═ Installing: Bundled Python 3.11                          ═╣

2024-05-08 21:20:45,274 INFO     ___FILE_ONLY___ ╚
2024-05-08 21:20:45,278 DEBUG    urllib3.connectionpool Starting new HTTPS connection (1): dl.google.com:443
2024-05-08 21:20:45,434 DEBUG    urllib3.connectionpool https://dl.google.com:443 "GET /dl/cloudsdk/channels/rapid/components/google-cloud-sdk-bundled-python3-unix-linux-x86_64-20240229170130.tar.gz HTTP/1.1" 200 78486918
2024-05-08 21:20:47,064 INFO     ___FILE_ONLY___ ═
2024-05-08 21:20:47,067 INFO     ___FILE_ONLY___ ═
2024-05-08 21:20:47,071 INFO     ___FILE_ONLY___ ═
2024-05-08 21:20:47,074 INFO     ___FILE_ONLY___ ═
2024-05-08 21:20:47,077 INFO     ___FILE_ONLY___ ═
2024-05-08 21:20:47,081 INFO     ___FILE_ONLY___ ═
2024-05-08 21:20:47,084 INFO     ___FILE_ONLY___ ═
2024-05-08 21:20:47,088 INFO     ___FILE_ONLY___ ═
2024-05-08 21:20:47,091 INFO     ___FILE_ONLY___ ═
2024-05-08 21:20:47,094 INFO     ___FILE_ONLY___ ═
2024-05-08 21:20:47,098 INFO     ___FILE_ONLY___ ═
2024-05-08 21:20:47,101 INFO     ___FILE_ONLY___ ═
2024-05-08 21:20:47,104 INFO     ___FILE_ONLY___ ═
2024-05-08 21:20:47,108 INFO     ___FILE_ONLY___ ═
2024-05-08 21:20:47,111 INFO     ___FILE_ONLY___ ═
2024-05-08 21:20:47,114 INFO     ___FILE_ONLY___ ═
2024-05-08 21:20:47,118 INFO     ___FILE_ONLY___ ═
2024-05-08 21:20:47,123 INFO     ___FILE_ONLY___ ═
2024-05-08 21:20:47,127 INFO     ___FILE_ONLY___ ═
2024-05-08 21:20:47,130 INFO     ___FILE_ONLY___ ═
2024-05-08 21:20:47,133 INFO     ___FILE_ONLY___ ═
2024-05-08 21:20:47,137 INFO     ___FILE_ONLY___ ═
2024-05-08 21:20:47,140 INFO     ___FILE_ONLY___ ═
2024-05-08 21:20:47,144 INFO     ___FILE_ONLY___ ═
2024-05-08 21:20:47,147 INFO     ___FILE_ONLY___ ═
2024-05-08 21:20:47,151 INFO     ___FILE_ONLY___ ═
2024-05-08 21:20:47,154 INFO     ___FILE_ONLY___ ═
2024-05-08 21:20:47,158 INFO     ___FILE_ONLY___ ═
2024-05-08 21:20:47,161 INFO     ___FILE_ONLY___ ═
2024-05-08 21:20:47,165 INFO     ___FILE_ONLY___ ═
2024-05-08 21:20:49,521 INFO     ___FILE_ONLY___ ═
2024-05-08 21:20:49,549 INFO     ___FILE_ONLY___ ═
2024-05-08 21:20:49,577 INFO     ___FILE_ONLY___ ═
2024-05-08 21:20:49,606 INFO     ___FILE_ONLY___ ═
2024-05-08 21:20:49,635 INFO     ___FILE_ONLY___ ═
2024-05-08 21:20:49,662 INFO     ___FILE_ONLY___ ═
2024-05-08 21:20:49,690 INFO     ___FILE_ONLY___ ═
2024-05-08 21:20:49,718 INFO     ___FILE_ONLY___ ═
2024-05-08 21:20:49,746 INFO     ___FILE_ONLY___ ═
2024-05-08 21:20:49,774 INFO     ___FILE_ONLY___ ═
2024-05-08 21:20:49,802 INFO     ___FILE_ONLY___ ═
2024-05-08 21:20:49,831 INFO     ___FILE_ONLY___ ═
2024-05-08 21:20:49,858 INFO     ___FILE_ONLY___ ═
2024-05-08 21:20:49,886 INFO     ___FILE_ONLY___ ═
2024-05-08 21:20:49,916 INFO     ___FILE_ONLY___ ═
2024-05-08 21:20:49,944 INFO     ___FILE_ONLY___ ═
2024-05-08 21:20:49,974 INFO     ___FILE_ONLY___ ═
2024-05-08 21:20:50,379 INFO     ___FILE_ONLY___ ═
2024-05-08 21:20:50,419 INFO     ___FILE_ONLY___ ═
2024-05-08 21:20:50,474 INFO     ___FILE_ONLY___ ═
2024-05-08 21:20:50,516 INFO     ___FILE_ONLY___ ═
2024-05-08 21:20:50,677 INFO     ___FILE_ONLY___ ═
2024-05-08 21:20:50,822 INFO     ___FILE_ONLY___ ═
2024-05-08 21:20:50,863 INFO     ___FILE_ONLY___ ═
2024-05-08 21:20:50,906 INFO     ___FILE_ONLY___ ═
2024-05-08 21:20:50,979 INFO     ___FILE_ONLY___ ═
2024-05-08 21:20:51,018 INFO     ___FILE_ONLY___ ═
2024-05-08 21:20:51,066 INFO     ___FILE_ONLY___ ═
2024-05-08 21:20:52,248 INFO     ___FILE_ONLY___ ═
2024-05-08 21:20:52,280 INFO     ___FILE_ONLY___ ═
2024-05-08 21:20:52,280 INFO     ___FILE_ONLY___ ╝

2024-05-08 21:20:52,401 INFO     ___FILE_ONLY___ ╔════════════════════════════════════════════════════════════╗

2024-05-08 21:20:52,401 INFO     ___FILE_ONLY___ ╠═ Installing: Bundled Python 3.11                          ═╣

2024-05-08 21:20:52,401 INFO     ___FILE_ONLY___ ╚
2024-05-08 21:20:52,407 INFO     ___FILE_ONLY___ ════════════════════════════════════════════════════════════
2024-05-08 21:20:52,407 INFO     ___FILE_ONLY___ ╝

2024-05-08 21:20:52,409 INFO     ___FILE_ONLY___ ╔════════════════════════════════════════════════════════════╗

2024-05-08 21:20:52,409 INFO     ___FILE_ONLY___ ╠═ Installing: Cloud Storage Command Line Tool              ═╣

2024-05-08 21:20:52,409 INFO     ___FILE_ONLY___ ╚
2024-05-08 21:20:52,413 DEBUG    urllib3.connectionpool Starting new HTTPS connection (1): dl.google.com:443
2024-05-08 21:20:52,549 DEBUG    urllib3.connectionpool https://dl.google.com:443 "GET /dl/cloudsdk/channels/rapid/components/google-cloud-sdk-gsutil-20231025210228.tar.gz HTTP/1.1" 200 11833901
2024-05-08 21:20:52,689 INFO     ___FILE_ONLY___ ═
2024-05-08 21:20:52,690 INFO     ___FILE_ONLY___ ═
2024-05-08 21:20:52,691 INFO     ___FILE_ONLY___ ═
2024-05-08 21:20:52,691 INFO     ___FILE_ONLY___ ═
2024-05-08 21:20:52,692 INFO     ___FILE_ONLY___ ═
2024-05-08 21:20:52,692 INFO     ___FILE_ONLY___ ═
2024-05-08 21:20:52,693 INFO     ___FILE_ONLY___ ═
2024-05-08 21:20:52,693 INFO     ___FILE_ONLY___ ═
2024-05-08 21:20:52,694 INFO     ___FILE_ONLY___ ═
2024-05-08 21:20:52,695 INFO     ___FILE_ONLY___ ═
2024-05-08 21:20:52,695 INFO     ___FILE_ONLY___ ═
2024-05-08 21:20:52,696 INFO     ___FILE_ONLY___ ═
2024-05-08 21:20:52,696 INFO     ___FILE_ONLY___ ═
2024-05-08 21:20:52,697 INFO     ___FILE_ONLY___ ═
2024-05-08 21:20:52,698 INFO     ___FILE_ONLY___ ═
2024-05-08 21:20:52,698 INFO     ___FILE_ONLY___ ═
2024-05-08 21:20:52,699 INFO     ___FILE_ONLY___ ═
2024-05-08 21:20:52,699 INFO     ___FILE_ONLY___ ═
2024-05-08 21:20:52,700 INFO     ___FILE_ONLY___ ═
2024-05-08 21:20:52,701 INFO     ___FILE_ONLY___ ═
2024-05-08 21:20:52,701 INFO     ___FILE_ONLY___ ═
2024-05-08 21:20:52,702 INFO     ___FILE_ONLY___ ═
2024-05-08 21:20:52,702 INFO     ___FILE_ONLY___ ═
2024-05-08 21:20:52,703 INFO     ___FILE_ONLY___ ═
2024-05-08 21:20:52,703 INFO     ___FILE_ONLY___ ═
2024-05-08 21:20:52,704 INFO     ___FILE_ONLY___ ═
2024-05-08 21:20:52,705 INFO     ___FILE_ONLY___ ═
2024-05-08 21:20:52,705 INFO     ___FILE_ONLY___ ═
2024-05-08 21:20:52,706 INFO     ___FILE_ONLY___ ═
2024-05-08 21:20:52,706 INFO     ___FILE_ONLY___ ═
2024-05-08 21:20:53,473 INFO     ___FILE_ONLY___ ═
2024-05-08 21:20:53,511 INFO     ___FILE_ONLY___ ═
2024-05-08 21:20:53,540 INFO     ___FILE_ONLY___ ═
2024-05-08 21:20:53,569 INFO     ___FILE_ONLY___ ═
2024-05-08 21:20:53,597 INFO     ___FILE_ONLY___ ═
2024-05-08 21:20:53,626 INFO     ___FILE_ONLY___ ═
2024-05-08 21:20:53,648 INFO     ___FILE_ONLY___ ═
2024-05-08 21:20:53,668 INFO     ___FILE_ONLY___ ═
2024-05-08 21:20:53,692 INFO     ___FILE_ONLY___ ═
2024-05-08 21:20:53,715 INFO     ___FILE_ONLY___ ═
2024-05-08 21:20:53,739 INFO     ___FILE_ONLY___ ═
2024-05-08 21:20:53,760 INFO     ___FILE_ONLY___ ═
2024-05-08 21:20:53,793 INFO     ___FILE_ONLY___ ═
2024-05-08 21:20:53,817 INFO     ___FILE_ONLY___ ═
2024-05-08 21:20:53,853 INFO     ___FILE_ONLY___ ═
2024-05-08 21:20:53,883 INFO     ___FILE_ONLY___ ═
2024-05-08 21:20:53,915 INFO     ___FILE_ONLY___ ═
2024-05-08 21:20:53,948 INFO     ___FILE_ONLY___ ═
2024-05-08 21:20:53,970 INFO     ___FILE_ONLY___ ═
2024-05-08 21:20:53,996 INFO     ___FILE_ONLY___ ═
2024-05-08 21:20:54,021 INFO     ___FILE_ONLY___ ═
2024-05-08 21:20:54,045 INFO     ___FILE_ONLY___ ═
2024-05-08 21:20:54,068 INFO     ___FILE_ONLY___ ═
2024-05-08 21:20:54,093 INFO     ___FILE_ONLY___ ═
2024-05-08 21:20:54,115 INFO     ___FILE_ONLY___ ═
2024-05-08 21:20:54,165 INFO     ___FILE_ONLY___ ═
2024-05-08 21:20:54,193 INFO     ___FILE_ONLY___ ═
2024-05-08 21:20:54,221 INFO     ___FILE_ONLY___ ═
2024-05-08 21:20:54,253 INFO     ___FILE_ONLY___ ═
2024-05-08 21:20:54,276 INFO     ___FILE_ONLY___ ═
2024-05-08 21:20:54,276 INFO     ___FILE_ONLY___ ╝

2024-05-08 21:20:54,353 INFO     ___FILE_ONLY___ ╔════════════════════════════════════════════════════════════╗

2024-05-08 21:20:54,353 INFO     ___FILE_ONLY___ ╠═ Installing: Cloud Storage Command Line Tool (Platform... ═╣

2024-05-08 21:20:54,353 INFO     ___FILE_ONLY___ ╚
2024-05-08 21:20:54,357 DEBUG    urllib3.connectionpool Starting new HTTPS connection (1): dl.google.com:443
2024-05-08 21:20:54,429 DEBUG    urllib3.connectionpool https://dl.google.com:443 "GET /dl/cloudsdk/channels/rapid/components/google-cloud-sdk-gsutil-nix-20240106004423.tar.gz HTTP/1.1" 200 2042
2024-05-08 21:20:54,430 INFO     ___FILE_ONLY___ ══════════════════════════════
2024-05-08 21:20:54,431 INFO     ___FILE_ONLY___ ══════════════════════════════
2024-05-08 21:20:54,431 INFO     ___FILE_ONLY___ ╝

2024-05-08 21:20:54,441 INFO     ___FILE_ONLY___ ╔════════════════════════════════════════════════════════════╗

2024-05-08 21:20:54,441 INFO     ___FILE_ONLY___ ╠═ Installing: Default set of gcloud commands               ═╣

2024-05-08 21:20:54,441 INFO     ___FILE_ONLY___ ╚
2024-05-08 21:20:54,447 INFO     ___FILE_ONLY___ ════════════════════════════════════════════════════════════
2024-05-08 21:20:54,447 INFO     ___FILE_ONLY___ ╝

2024-05-08 21:20:54,449 INFO     ___FILE_ONLY___ ╔════════════════════════════════════════════════════════════╗

2024-05-08 21:20:54,449 INFO     ___FILE_ONLY___ ╠═ Installing: Google Cloud CLI Core Libraries (Platform... ═╣

2024-05-08 21:20:54,449 INFO     ___FILE_ONLY___ ╚
2024-05-08 21:20:54,453 DEBUG    urllib3.connectionpool Starting new HTTPS connection (1): dl.google.com:443
2024-05-08 21:20:54,523 DEBUG    urllib3.connectionpool https://dl.google.com:443 "GET /dl/cloudsdk/channels/rapid/components/google-cloud-sdk-core-nix-20240106004423.tar.gz HTTP/1.1" 200 2410
2024-05-08 21:20:54,524 INFO     ___FILE_ONLY___ ══════════════════════════════
2024-05-08 21:20:54,525 INFO     ___FILE_ONLY___ ═══════════════
2024-05-08 21:20:54,526 INFO     ___FILE_ONLY___ ═══════════════
2024-05-08 21:20:54,526 INFO     ___FILE_ONLY___ ╝

2024-05-08 21:20:54,536 INFO     ___FILE_ONLY___ ╔════════════════════════════════════════════════════════════╗

2024-05-08 21:20:54,536 INFO     ___FILE_ONLY___ ╠═ Installing: Google Cloud CRC32C Hash Tool                ═╣

2024-05-08 21:20:54,536 INFO     ___FILE_ONLY___ ╚
2024-05-08 21:20:54,541 INFO     ___FILE_ONLY___ ════════════════════════════════════════════════════════════
2024-05-08 21:20:54,541 INFO     ___FILE_ONLY___ ╝

2024-05-08 21:20:54,543 INFO     ___FILE_ONLY___ ╔════════════════════════════════════════════════════════════╗

2024-05-08 21:20:54,543 INFO     ___FILE_ONLY___ ╠═ Installing: Google Cloud CRC32C Hash Tool                ═╣

2024-05-08 21:20:54,544 INFO     ___FILE_ONLY___ ╚
2024-05-08 21:20:54,547 DEBUG    urllib3.connectionpool Starting new HTTPS connection (1): dl.google.com:443
2024-05-08 21:20:54,684 DEBUG    urllib3.connectionpool https://dl.google.com:443 "GET /dl/cloudsdk/channels/rapid/components/google-cloud-sdk-gcloud-crc32c-linux-x86_64-20231215195722.tar.gz HTTP/1.1" 200 1287877
2024-05-08 21:20:54,749 INFO     ___FILE_ONLY___ ═
2024-05-08 21:20:54,749 INFO     ___FILE_ONLY___ ═
2024-05-08 21:20:54,749 INFO     ___FILE_ONLY___ ═
2024-05-08 21:20:54,750 INFO     ___FILE_ONLY___ ═
2024-05-08 21:20:54,750 INFO     ___FILE_ONLY___ ═
2024-05-08 21:20:54,750 INFO     ___FILE_ONLY___ ═
2024-05-08 21:20:54,750 INFO     ___FILE_ONLY___ ═
2024-05-08 21:20:54,750 INFO     ___FILE_ONLY___ ═
2024-05-08 21:20:54,750 INFO     ___FILE_ONLY___ ═
2024-05-08 21:20:54,750 INFO     ___FILE_ONLY___ ═
2024-05-08 21:20:54,751 INFO     ___FILE_ONLY___ ═
2024-05-08 21:20:54,751 INFO     ___FILE_ONLY___ ═
2024-05-08 21:20:54,751 INFO     ___FILE_ONLY___ ═
2024-05-08 21:20:54,751 INFO     ___FILE_ONLY___ ═
2024-05-08 21:20:54,751 INFO     ___FILE_ONLY___ ═
2024-05-08 21:20:54,751 INFO     ___FILE_ONLY___ ═
2024-05-08 21:20:54,751 INFO     ___FILE_ONLY___ ═
2024-05-08 21:20:54,751 INFO     ___FILE_ONLY___ ═
2024-05-08 21:20:54,752 INFO     ___FILE_ONLY___ ═
2024-05-08 21:20:54,752 INFO     ___FILE_ONLY___ ═
2024-05-08 21:20:54,752 INFO     ___FILE_ONLY___ ═
2024-05-08 21:20:54,752 INFO     ___FILE_ONLY___ ═
2024-05-08 21:20:54,752 INFO     ___FILE_ONLY___ ═
2024-05-08 21:20:54,752 INFO     ___FILE_ONLY___ ═
2024-05-08 21:20:54,752 INFO     ___FILE_ONLY___ ═
2024-05-08 21:20:54,753 INFO     ___FILE_ONLY___ ═
2024-05-08 21:20:54,753 INFO     ___FILE_ONLY___ ═
2024-05-08 21:20:54,753 INFO     ___FILE_ONLY___ ═
2024-05-08 21:20:54,753 INFO     ___FILE_ONLY___ ═
2024-05-08 21:20:54,753 INFO     ___FILE_ONLY___ ═
2024-05-08 21:20:54,789 INFO     ___FILE_ONLY___ ═══════════════
2024-05-08 21:20:54,789 INFO     ___FILE_ONLY___ ═══════════════
2024-05-08 21:20:54,789 INFO     ___FILE_ONLY___ ╝

2024-05-08 21:20:54,799 INFO     ___FILE_ONLY___ ╔════════════════════════════════════════════════════════════╗

2024-05-08 21:20:54,799 INFO     ___FILE_ONLY___ ╠═ Installing: gcloud cli dependencies                      ═╣

2024-05-08 21:20:54,799 INFO     ___FILE_ONLY___ ╚
2024-05-08 21:20:54,803 DEBUG    urllib3.connectionpool Starting new HTTPS connection (1): dl.google.com:443
2024-05-08 21:20:54,874 DEBUG    urllib3.connectionpool https://dl.google.com:443 "GET /dl/cloudsdk/channels/rapid/components/google-cloud-sdk-gcloud-deps-linux-x86_64-20210416153011.tar.gz HTTP/1.1" 200 104
2024-05-08 21:20:54,874 INFO     ___FILE_ONLY___ ══════════════════════════════
2024-05-08 21:20:54,875 INFO     ___FILE_ONLY___ ══════════════════════════════
2024-05-08 21:20:54,875 INFO     ___FILE_ONLY___ ╝

2024-05-08 21:20:54,884 INFO     ___FILE_ONLY___ ╔════════════════════════════════════════════════════════════╗

2024-05-08 21:20:54,884 INFO     ___FILE_ONLY___ ╠═ Creating backup and activating new installation          ═╣

2024-05-08 21:20:54,884 INFO     ___FILE_ONLY___ ╚
2024-05-08 21:20:54,884 DEBUG    root            Attempting to move directory [/tools/google-cloud-sdk] to [/tools/google-cloud-sdk.staging/.install/.backup]
2024-05-08 21:20:54,885 INFO     ___FILE_ONLY___ ══════════════════════════════
2024-05-08 21:20:54,885 DEBUG    root            Attempting to move directory [/tools/google-cloud-sdk.staging] to [/tools/google-cloud-sdk]
2024-05-08 21:20:54,885 INFO     ___FILE_ONLY___ ══════════════════════════════
2024-05-08 21:20:54,885 INFO     ___FILE_ONLY___ ╝

2024-05-08 21:20:54,889 DEBUG    root            Updating notification cache...
2024-05-08 21:20:54,889 INFO     ___FILE_ONLY___ 

2024-05-08 21:20:54,891 INFO     ___FILE_ONLY___ Performing post processing steps...
2024-05-08 21:20:54,892 DEBUG    root            Executing command: ['/tools/google-cloud-sdk/bin/gcloud', 'components', 'post-process']
2024-05-08 21:21:05,810 DEBUG    ___FILE_ONLY___ 
2024-05-08 21:21:05,810 DEBUG    ___FILE_ONLY___ 
2024-05-08 21:21:05,908 INFO     ___FILE_ONLY___ 
Update done!


2024-05-08 21:21:05,912 DEBUG    root            Chosen display Format:none
2024-05-08 21:21:05,912 INFO     root            Display format: "none"
