2024-05-08 21:21:06,447 DEBUG    root            Loaded Command Group: ['gcloud', 'components']
2024-05-08 21:21:06,450 DEBUG    root            Loaded Command Group: ['gcloud', 'components', 'update']
2024-05-08 21:21:06,453 DEBUG    root            Running [gcloud.components.update] with arguments: [--quiet: "True", COMPONENT-IDS:8: "['gcloud', 'core', 'bq', 'gsutil', 'compute', 'preview', 'alpha', 'beta']"]
2024-05-08 21:21:06,455 INFO     ___FILE_ONLY___ Beginning update. This process may take several minutes.

2024-05-08 21:21:06,463 DEBUG    urllib3.connectionpool Starting new HTTPS connection (1): dl.google.com:443
2024-05-08 21:21:06,537 DEBUG    urllib3.connectionpool https://dl.google.com:443 "GET /dl/cloudsdk/channels/rapid/components-2.json HTTP/1.1" 200 222652
2024-05-08 21:21:06,558 WARNING  root            Component [compute] no longer exists.
2024-05-08 21:21:06,559 WARNING  root            Component [preview] no longer exists.
2024-05-08 21:21:06,560 INFO     ___FILE_ONLY___ 

2024-05-08 21:21:06,560 INFO     ___FILE_ONLY___ 
Your current Google Cloud CLI version is: 475.0.0

2024-05-08 21:21:06,560 INFO     ___FILE_ONLY___ Installing components from version: 475.0.0

2024-05-08 21:21:06,560 INFO     ___FILE_ONLY___ 

2024-05-08 21:21:06,561 DEBUG    root            Chosen display Format:table[box,title="These components will be removed."](details.display_name:label=Name:align=left,version.version_string:label=Version:align=right,data.size.size(zero="",min=1048576):label=Size:align=right)
2024-05-08 21:21:06,561 DEBUG    root            Chosen display Format:table[box,title="These components will be updated."](details.display_name:label=Name:align=left,version.version_string:label=Version:align=right,data.size.size(zero="",min=1048576):label=Size:align=right)
2024-05-08 21:21:06,562 DEBUG    root            Chosen display Format:table[box,title="These components will be installed."](details.display_name:label=Name:align=left,version.version_string:label=Version:align=right,data.size.size(zero="",min=1048576):label=Size:align=right)
2024-05-08 21:21:06,603 INFO     ___FILE_ONLY___ ┌──────────────────────────────────────────────┐
2024-05-08 21:21:06,603 INFO     ___FILE_ONLY___ 

2024-05-08 21:21:06,603 INFO     ___FILE_ONLY___ │     These components will be installed.      │
2024-05-08 21:21:06,604 INFO     ___FILE_ONLY___ 

2024-05-08 21:21:06,604 INFO     ___FILE_ONLY___ ├───────────────────────┬────────────┬─────────┤
2024-05-08 21:21:06,604 INFO     ___FILE_ONLY___ 

2024-05-08 21:21:06,604 INFO     ___FILE_ONLY___ │          Name         │  Version   │   Size  │
2024-05-08 21:21:06,604 INFO     ___FILE_ONLY___ 

2024-05-08 21:21:06,604 INFO     ___FILE_ONLY___ ├───────────────────────┼────────────┼─────────┤
2024-05-08 21:21:06,604 INFO     ___FILE_ONLY___ 

2024-05-08 21:21:06,604 INFO     ___FILE_ONLY___ │ 
2024-05-08 21:21:06,604 INFO     ___FILE_ONLY___ gcloud Alpha Commands
2024-05-08 21:21:06,604 INFO     ___FILE_ONLY___  
2024-05-08 21:21:06,604 INFO     ___FILE_ONLY___ │ 
2024-05-08 21:21:06,604 INFO     ___FILE_ONLY___ 2024.05.03
2024-05-08 21:21:06,604 INFO     ___FILE_ONLY___  
2024-05-08 21:21:06,604 INFO     ___FILE_ONLY___ │ 
2024-05-08 21:21:06,605 INFO     ___FILE_ONLY___ < 1 MiB
2024-05-08 21:21:06,605 INFO     ___FILE_ONLY___  
2024-05-08 21:21:06,605 INFO     ___FILE_ONLY___ │
2024-05-08 21:21:06,605 INFO     ___FILE_ONLY___ 

2024-05-08 21:21:06,605 INFO     ___FILE_ONLY___ │ 
2024-05-08 21:21:06,605 INFO     ___FILE_ONLY___ gcloud Beta Commands 
2024-05-08 21:21:06,605 INFO     ___FILE_ONLY___  
2024-05-08 21:21:06,605 INFO     ___FILE_ONLY___ │ 
2024-05-08 21:21:06,605 INFO     ___FILE_ONLY___ 2024.05.03
2024-05-08 21:21:06,605 INFO     ___FILE_ONLY___  
2024-05-08 21:21:06,605 INFO     ___FILE_ONLY___ │ 
2024-05-08 21:21:06,605 INFO     ___FILE_ONLY___ < 1 MiB
2024-05-08 21:21:06,605 INFO     ___FILE_ONLY___  
2024-05-08 21:21:06,606 INFO     ___FILE_ONLY___ │
2024-05-08 21:21:06,606 INFO     ___FILE_ONLY___ 

2024-05-08 21:21:06,606 INFO     ___FILE_ONLY___ └───────────────────────┴────────────┴─────────┘
2024-05-08 21:21:06,606 INFO     ___FILE_ONLY___ 

2024-05-08 21:21:06,606 INFO     ___FILE_ONLY___ 

2024-05-08 21:21:06,610 DEBUG    urllib3.connectionpool Starting new HTTPS connection (1): dl.google.com:443
2024-05-08 21:21:06,686 DEBUG    urllib3.connectionpool https://dl.google.com:443 "GET /dl/cloudsdk/channels/rapid/RELEASE_NOTES HTTP/1.1" 200 1203742
2024-05-08 21:21:06,813 INFO     ___FILE_ONLY___ For the latest full release notes, please visit:
  https://cloud.google.com/sdk/release_notes


2024-05-08 21:21:06,815 INFO     ___FILE_ONLY___ ╔════════════════════════════════════════════════════════════╗

2024-05-08 21:21:06,815 INFO     ___FILE_ONLY___ ╠═ Creating update staging area                             ═╣

2024-05-08 21:21:06,815 INFO     ___FILE_ONLY___ ╚
2024-05-08 21:21:06,816 INFO     ___FILE_ONLY___ ══════
2024-05-08 21:21:07,569 INFO     ___FILE_ONLY___ ══════
2024-05-08 21:21:07,569 INFO     ___FILE_ONLY___ ══════
2024-05-08 21:21:07,996 INFO     ___FILE_ONLY___ ═
2024-05-08 21:21:08,054 INFO     ___FILE_ONLY___ ═
2024-05-08 21:21:08,102 INFO     ___FILE_ONLY___ ═
2024-05-08 21:21:08,145 INFO     ___FILE_ONLY___ ═
2024-05-08 21:21:08,192 INFO     ___FILE_ONLY___ ═
2024-05-08 21:21:08,241 INFO     ___FILE_ONLY___ ═
2024-05-08 21:21:08,289 INFO     ___FILE_ONLY___ ═
2024-05-08 21:21:08,359 INFO     ___FILE_ONLY___ ═
2024-05-08 21:21:08,537 INFO     ___FILE_ONLY___ ═
2024-05-08 21:21:08,629 INFO     ___FILE_ONLY___ ═
2024-05-08 21:21:08,878 INFO     ___FILE_ONLY___ ═
2024-05-08 21:21:09,058 INFO     ___FILE_ONLY___ ═
2024-05-08 21:21:09,333 INFO     ___FILE_ONLY___ ═
2024-05-08 21:21:09,422 INFO     ___FILE_ONLY___ ═
2024-05-08 21:21:09,509 INFO     ___FILE_ONLY___ ═
2024-05-08 21:21:09,576 INFO     ___FILE_ONLY___ ═
2024-05-08 21:21:09,662 INFO     ___FILE_ONLY___ ═
2024-05-08 21:21:09,731 INFO     ___FILE_ONLY___ ═
2024-05-08 21:21:09,799 INFO     ___FILE_ONLY___ ═
2024-05-08 21:21:09,863 INFO     ___FILE_ONLY___ ═
2024-05-08 21:21:09,931 INFO     ___FILE_ONLY___ ═
2024-05-08 21:21:09,993 INFO     ___FILE_ONLY___ ═
2024-05-08 21:21:10,059 INFO     ___FILE_ONLY___ ═
2024-05-08 21:21:10,124 INFO     ___FILE_ONLY___ ═
2024-05-08 21:21:10,199 INFO     ___FILE_ONLY___ ═
2024-05-08 21:21:10,262 INFO     ___FILE_ONLY___ ═
2024-05-08 21:21:10,328 INFO     ___FILE_ONLY___ ═
2024-05-08 21:21:10,419 INFO     ___FILE_ONLY___ ═
2024-05-08 21:21:10,534 INFO     ___FILE_ONLY___ ═
2024-05-08 21:21:10,627 INFO     ___FILE_ONLY___ ═
2024-05-08 21:21:10,720 INFO     ___FILE_ONLY___ ═
2024-05-08 21:21:10,782 INFO     ___FILE_ONLY___ ═
2024-05-08 21:21:10,885 INFO     ___FILE_ONLY___ ═
2024-05-08 21:21:10,962 INFO     ___FILE_ONLY___ ═
2024-05-08 21:21:11,035 INFO     ___FILE_ONLY___ ═
2024-05-08 21:21:11,102 INFO     ___FILE_ONLY___ ═
2024-05-08 21:21:11,179 INFO     ___FILE_ONLY___ ═
2024-05-08 21:21:11,252 INFO     ___FILE_ONLY___ ═
2024-05-08 21:21:11,331 INFO     ___FILE_ONLY___ ═
2024-05-08 21:21:11,403 INFO     ___FILE_ONLY___ ═
2024-05-08 21:21:11,479 INFO     ___FILE_ONLY___ ═
2024-05-08 21:21:11,572 INFO     ___FILE_ONLY___ ═
2024-05-08 21:21:11,572 INFO     ___FILE_ONLY___ ╝

2024-05-08 21:21:15,201 INFO     ___FILE_ONLY___ ╔════════════════════════════════════════════════════════════╗

2024-05-08 21:21:15,201 INFO     ___FILE_ONLY___ ╠═ Installing: gcloud Alpha Commands                        ═╣

2024-05-08 21:21:15,202 INFO     ___FILE_ONLY___ ╚
2024-05-08 21:21:15,206 DEBUG    urllib3.connectionpool Starting new HTTPS connection (1): dl.google.com:443
2024-05-08 21:21:15,299 DEBUG    urllib3.connectionpool https://dl.google.com:443 "GET /dl/cloudsdk/channels/rapid/components/google-cloud-sdk-alpha-20240503145345.tar.gz HTTP/1.1" 200 800
2024-05-08 21:21:15,300 INFO     ___FILE_ONLY___ ══════════════════════════════
2024-05-08 21:21:15,302 INFO     ___FILE_ONLY___ ══════════════════════════════
2024-05-08 21:21:15,302 INFO     ___FILE_ONLY___ ╝

2024-05-08 21:21:15,311 INFO     ___FILE_ONLY___ ╔════════════════════════════════════════════════════════════╗

2024-05-08 21:21:15,311 INFO     ___FILE_ONLY___ ╠═ Installing: gcloud Beta Commands                         ═╣

2024-05-08 21:21:15,311 INFO     ___FILE_ONLY___ ╚
2024-05-08 21:21:15,315 DEBUG    urllib3.connectionpool Starting new HTTPS connection (1): dl.google.com:443
2024-05-08 21:21:15,384 DEBUG    urllib3.connectionpool https://dl.google.com:443 "GET /dl/cloudsdk/channels/rapid/components/google-cloud-sdk-beta-20240503145345.tar.gz HTTP/1.1" 200 797
2024-05-08 21:21:15,385 INFO     ___FILE_ONLY___ ══════════════════════════════
2024-05-08 21:21:15,386 INFO     ___FILE_ONLY___ ══════════════════════════════
2024-05-08 21:21:15,386 INFO     ___FILE_ONLY___ ╝

2024-05-08 21:21:15,397 INFO     ___FILE_ONLY___ ╔════════════════════════════════════════════════════════════╗

2024-05-08 21:21:15,397 INFO     ___FILE_ONLY___ ╠═ Creating backup and activating new installation          ═╣

2024-05-08 21:21:15,397 INFO     ___FILE_ONLY___ ╚
2024-05-08 21:21:15,397 DEBUG    root            Attempting to move directory [/tools/google-cloud-sdk] to [/tools/google-cloud-sdk.staging/.install/.backup]
2024-05-08 21:21:15,397 INFO     ___FILE_ONLY___ ══════════════════════════════
2024-05-08 21:21:15,397 DEBUG    root            Attempting to move directory [/tools/google-cloud-sdk.staging] to [/tools/google-cloud-sdk]
2024-05-08 21:21:15,397 INFO     ___FILE_ONLY___ ══════════════════════════════
2024-05-08 21:21:15,398 INFO     ___FILE_ONLY___ ╝

2024-05-08 21:21:15,402 DEBUG    root            Updating notification cache...
2024-05-08 21:21:15,402 INFO     ___FILE_ONLY___ 

2024-05-08 21:21:15,404 INFO     ___FILE_ONLY___ Performing post processing steps...
2024-05-08 21:21:15,405 DEBUG    root            Executing command: ['/tools/google-cloud-sdk/bin/gcloud', 'components', 'post-process']
2024-05-08 21:21:26,633 DEBUG    ___FILE_ONLY___ 
2024-05-08 21:21:26,633 DEBUG    ___FILE_ONLY___ 
2024-05-08 21:21:26,688 INFO     ___FILE_ONLY___ 
Update done!


2024-05-08 21:21:26,692 DEBUG    root            Chosen display Format:none
2024-05-08 21:21:26,692 INFO     root            Display format: "none"
